<?xml version="1.0" encoding="UTF-8"?>
<!-- Generated by org.testng.reporters.JUnitReportReporter -->
<testsuite hostname="MTSPC25" failures="0" tests="1" name="learningtestng.CreateLead" time="20.033" errors="0" timestamp="2023-11-24T19:18:00 IST" skipped="0">
  <testcase classname="learningtestng.CreateLead" name="runCreateLead" time="20.033"/>
  <system-out/>
</testsuite> <!-- learningtestng.CreateLead -->
