<?xml version="1.0" encoding="UTF-8"?>
<!-- Generated by org.testng.reporters.JUnitReportReporter -->
<testsuite hostname="MTSPC25" failures="0" tests="1" name="framework.DeleteLead" time="22.501" errors="0" timestamp="2023-11-24T14:41:09 IST" skipped="0">
  <testcase classname="framework.DeleteLead" name="runDeleteLed" time="22.501"/>
  <system-out/>
</testsuite> <!-- framework.DeleteLead -->
