<?xml version="1.0" encoding="UTF-8"?>
<!-- Generated by org.testng.reporters.JUnitReportReporter -->
<testsuite hostname="MTSPC25" failures="0" tests="9" name="learningtestng.TestNGAttributes" time="0.050" errors="0" timestamp="2023-11-24T20:01:39 IST" skipped="1">
  <testcase classname="learningtestng.TestNGAttributes" name="login" time="0.015"/>
  <system-out/>
  <testcase classname="learningtestng.TestNGAttributes" name="createLead" time="0.007"/>
  <system-out/>
  <testcase classname="learningtestng.TestNGAttributes" name="createLead" time="0.005"/>
  <system-out/>
  <testcase classname="learningtestng.TestNGAttributes" name="createLead" time="0.009"/>
  <system-out/>
  <testcase classname="learningtestng.TestNGAttributes" name="createLead" time="0.003"/>
  <system-out/>
  <testcase classname="learningtestng.TestNGAttributes" name="createLead" time="0.006"/>
  <system-out/>
  <testcase classname="learningtestng.TestNGAttributes" name="editLead" time="0.002"/>
  <system-out/>
  <testcase classname="learningtestng.TestNGAttributes" name="deleteLead" time="0.003"/>
  <system-out/>
  <testcase classname="learningtestng.TestNGAttributes" name="duplicateLead">
    <skipped/>
  </testcase> <!-- duplicateLead -->
  <system-out/>
</testsuite> <!-- learningtestng.TestNGAttributes -->
