<?xml version="1.0" encoding="UTF-8"?>
<!-- Generated by org.testng.reporters.JUnitReportReporter -->
<testsuite hostname="MTSPC25" failures="0" tests="1" name="learningtestng.DeleteLead" time="18.112" errors="0" timestamp="2023-11-24T19:18:00 IST" skipped="0">
  <testcase classname="learningtestng.DeleteLead" name="runDeleteLed" time="18.112"/>
  <system-out/>
</testsuite> <!-- learningtestng.DeleteLead -->
