<?xml version="1.0" encoding="UTF-8"?>
<!-- Generated by org.testng.reporters.JUnitReportReporter -->
<testsuite hostname="MTSPC25" failures="0" tests="1" name="learningtestng.GuruLogin" time="24.204" errors="0" timestamp="2023-11-23T18:02:45 IST" skipped="0">
  <testcase classname="learningtestng.GuruLogin" name="createCustomer" time="24.204"/>
  <system-out/>
</testsuite> <!-- learningtestng.GuruLogin -->
