<?xml version="1.0" encoding="UTF-8"?>
<!-- Generated by org.testng.reporters.JUnitReportReporter -->
<testsuite hostname="MTSPC25" failures="0" tests="1" name="learningtestng.AddCustomer" time="35.030" errors="0" timestamp="2023-11-23T17:53:52 IST" skipped="0">
  <testcase classname="learningtestng.AddCustomer" name="addCustomer" time="35.030"/>
  <system-out/>
</testsuite> <!-- learningtestng.AddCustomer -->
