<?xml version="1.0" encoding="UTF-8"?>
<!-- Generated by org.testng.reporters.JUnitReportReporter -->
<testsuite hostname="MTSPC25" failures="0" tests="1" name="learningtestng.NewTest" time="0.015" errors="0" timestamp="2023-11-24T16:56:54 IST" skipped="0">
  <testcase classname="learningtestng.NewTest" name="test1" time="0.015"/>
  <system-out/>
</testsuite> <!-- learningtestng.NewTest -->
